<?xml version="1.0" encoding="UTF-8"?>
<!-- Generated by org.testng.reporters.JUnitReportReporter -->
<testsuite hostname="MSI" name="testng.NewTest3" tests="1" failures="0" timestamp="15 Oct 2018 07:12:50 GMT" time="7.298" errors="0">
  <testcase name="f" time="7.298" classname="testng.NewTest3"/>
</testsuite> <!-- testng.NewTest3 -->
